{"/home/sony/Documentos/Driven/Módulos/Arquitetura/Módulo 5/Projetos/literaBooks/litera_books_back/src/database/postgres.ts": {"path":"/home/sony/Documentos/Driven/Módulos/Arquitetura/Módulo 5/Projetos/literaBooks/litera_books_back/src/database/postgres.ts","statementMap":{"0":{"start":{"line":1,"column":0},"end":{"line":1,"column":33}},"1":{"start":{"line":3,"column":25},"end":{"line":3,"column":28}},"2":{"start":{"line":4,"column":15},"end":{"line":4,"column":33}},"3":{"start":{"line":5,"column":0},"end":{"line":5,"column":22}}},"fnMap":{},"branchMap":{},"s":{"0":1,"1":1,"2":1,"3":1},"f":{},"b":{}}
,"/home/sony/Documentos/Driven/Módulos/Arquitetura/Módulo 5/Projetos/literaBooks/litera_books_back/src/repositories/usersRepository.ts": {"path":"/home/sony/Documentos/Driven/Módulos/Arquitetura/Módulo 5/Projetos/literaBooks/litera_books_back/src/repositories/usersRepository.ts","statementMap":{"0":{"start":{"line":2,"column":0},"end":{"line":2,"column":42}},"1":{"start":{"line":5,"column":4},"end":{"line":7,"column":null}},"2":{"start":{"line":4,"column":0},"end":{"line":4,"column":22}},"3":{"start":{"line":11,"column":4},"end":{"line":18,"column":null}},"4":{"start":{"line":10,"column":0},"end":{"line":10,"column":22}}},"fnMap":{"0":{"name":"findEmail","decl":{"start":{"line":4,"column":22},"end":{"line":4,"column":31}},"loc":{"start":{"line":4,"column":47},"end":{"line":8,"column":null}}},"1":{"name":"insertUser","decl":{"start":{"line":10,"column":22},"end":{"line":10,"column":32}},"loc":{"start":{"line":10,"column":48},"end":{"line":19,"column":null}}}},"branchMap":{},"s":{"0":1,"1":0,"2":1,"3":0,"4":1},"f":{"0":0,"1":0},"b":{}}
,"/home/sony/Documentos/Driven/Módulos/Arquitetura/Módulo 5/Projetos/literaBooks/litera_books_back/src/services/usersService.ts": {"path":"/home/sony/Documentos/Driven/Módulos/Arquitetura/Módulo 5/Projetos/literaBooks/litera_books_back/src/services/usersService.ts","statementMap":{"0":{"start":{"line":1,"column":0},"end":{"line":1,"column":67}},"1":{"start":{"line":3,"column":0},"end":{"line":3,"column":29}},"2":{"start":{"line":4,"column":0},"end":{"line":4,"column":31}},"3":{"start":{"line":8,"column":18},"end":{"line":8,"column":55}},"4":{"start":{"line":10,"column":0},"end":{"line":10,"column":null}},"5":{"start":{"line":11,"column":0},"end":{"line":13,"column":null}},"6":{"start":{"line":12,"column":4},"end":{"line":12,"column":71}},"7":{"start":{"line":15,"column":26},"end":{"line":15,"column":60}},"8":{"start":{"line":16,"column":0},"end":{"line":16,"column":null}},"9":{"start":{"line":19,"column":16},"end":{"line":19,"column":54}},"10":{"start":{"line":20,"column":0},"end":{"line":20,"column":null}},"11":{"start":{"line":6,"column":0},"end":{"line":6,"column":22}},"12":{"start":{"line":26,"column":22},"end":{"line":26,"column":59}},"13":{"start":{"line":27,"column":4},"end":{"line":27,"column":null}},"14":{"start":{"line":28,"column":4},"end":{"line":30,"column":null}},"15":{"start":{"line":29,"column":8},"end":{"line":29,"column":78}},"16":{"start":{"line":31,"column":4},"end":{"line":31,"column":null}},"17":{"start":{"line":32,"column":4},"end":{"line":39,"column":null}},"18":{"start":{"line":33,"column":27},"end":{"line":33,"column":49}},"19":{"start":{"line":34,"column":30},"end":{"line":34,"column":56}},"20":{"start":{"line":35,"column":22},"end":{"line":35,"column":78}},"21":{"start":{"line":36,"column":8},"end":{"line":36,"column":null}},"22":{"start":{"line":38,"column":8},"end":{"line":38,"column":70}},"23":{"start":{"line":23,"column":0},"end":{"line":23,"column":22}}},"fnMap":{"0":{"name":"createUser","decl":{"start":{"line":6,"column":22},"end":{"line":6,"column":32}},"loc":{"start":{"line":6,"column":48},"end":{"line":21,"column":null}}},"1":{"name":"login","decl":{"start":{"line":23,"column":22},"end":{"line":23,"column":27}},"loc":{"start":{"line":23,"column":43},"end":{"line":40,"column":null}}}},"branchMap":{"0":{"loc":{"start":{"line":11,"column":0},"end":{"line":13,"column":null}},"type":"if","locations":[{"start":{"line":11,"column":0},"end":{"line":13,"column":null}}]},"1":{"loc":{"start":{"line":28,"column":4},"end":{"line":30,"column":null}},"type":"if","locations":[{"start":{"line":28,"column":4},"end":{"line":30,"column":null}}]},"2":{"loc":{"start":{"line":32,"column":4},"end":{"line":39,"column":null}},"type":"if","locations":[{"start":{"line":32,"column":4},"end":{"line":39,"column":null}},{"start":{"line":37,"column":9},"end":{"line":39,"column":null}}]}},"s":{"0":1,"1":1,"2":1,"3":3,"4":3,"5":3,"6":1,"7":2,"8":2,"9":2,"10":2,"11":1,"12":0,"13":0,"14":0,"15":0,"16":0,"17":0,"18":0,"19":0,"20":0,"21":0,"22":0,"23":1},"f":{"0":3,"1":0},"b":{"0":[1],"1":[0],"2":[0,0]}}
,"/home/sony/Documentos/Driven/Módulos/Arquitetura/Módulo 5/Projetos/literaBooks/litera_books_back/tests/factories/userFactory.ts": {"path":"/home/sony/Documentos/Driven/Módulos/Arquitetura/Módulo 5/Projetos/literaBooks/litera_books_back/tests/factories/userFactory.ts","statementMap":{"0":{"start":{"line":1,"column":0},"end":{"line":1,"column":38}},"1":{"start":{"line":7,"column":1},"end":{"line":13,"column":2}},"2":{"start":{"line":6,"column":0},"end":{"line":6,"column":22}}},"fnMap":{"0":{"name":"createBodyUser","decl":{"start":{"line":6,"column":22},"end":{"line":6,"column":36}},"loc":{"start":{"line":6,"column":36},"end":{"line":15,"column":null}}}},"branchMap":{},"s":{"0":1,"1":3,"2":1},"f":{"0":3},"b":{}}
}
