TN:
SF:src/database/postgres.ts
FNF:0
FNH:0
DA:1,1
DA:3,1
DA:4,1
DA:5,1
LF:4
LH:4
BRF:0
BRH:0
end_of_record
TN:
SF:src/repositories/usersRepository.ts
FN:4,findEmail
FN:10,insertUser
FNF:2
FNH:0
FNDA:0,findEmail
FNDA:0,insertUser
DA:2,1
DA:4,1
DA:5,0
DA:10,1
DA:11,0
LF:5
LH:3
BRF:0
BRH:0
end_of_record
TN:
SF:src/services/usersService.ts
FN:6,createUser
FN:23,login
FNF:2
FNH:1
FNDA:3,createUser
FNDA:0,login
DA:1,1
DA:3,1
DA:4,1
DA:6,1
DA:8,3
DA:10,3
DA:11,3
DA:12,1
DA:15,2
DA:16,2
DA:19,2
DA:20,2
DA:23,1
DA:26,0
DA:27,0
DA:28,0
DA:29,0
DA:31,0
DA:32,0
DA:33,0
DA:34,0
DA:35,0
DA:36,0
DA:38,0
LF:24
LH:13
BRDA:11,0,0,1
BRDA:28,1,0,0
BRDA:32,2,0,0
BRDA:32,2,1,0
BRF:4
BRH:1
end_of_record
TN:
SF:tests/factories/userFactory.ts
FN:6,createBodyUser
FNF:1
FNH:1
FNDA:3,createBodyUser
DA:1,1
DA:6,1
DA:7,3
LF:3
LH:3
BRF:0
BRH:0
end_of_record
